<?xml version="1.0" encoding="UTF-8"?>
<testsuite name="TestSuite" time="55.063" tests="5" errors="0" skipped="0" failures="1">
  <properties>
    <property name="java.runtime.name" value="Java(TM) SE Runtime Environment"/>
    <property name="sun.boot.library.path" value="/home/kesavan/Softwares/jdk1.8.0_73/jre/lib/amd64"/>
    <property name="java.vm.version" value="25.73-b02"/>
    <property name="java.vm.vendor" value="Oracle Corporation"/>
    <property name="maven.multiModuleProjectDirectory" value="/home/kesavan/Documents/scim2/kesvan_scim2/pr/identity-outbound-provisioning-scim2"/>
    <property name="java.vendor.url" value="http://java.oracle.com/"/>
    <property name="path.separator" value=":"/>
    <property name="guice.disable.misplaced.annotation.check" value="true"/>
    <property name="java.vm.name" value="Java HotSpot(TM) 64-Bit Server VM"/>
    <property name="file.encoding.pkg" value="sun.io"/>
    <property name="user.country" value="US"/>
    <property name="sun.java.launcher" value="SUN_STANDARD"/>
    <property name="sun.os.patch.level" value="unknown"/>
    <property name="java.vm.specification.name" value="Java Virtual Machine Specification"/>
    <property name="user.dir" value="/home/kesavan/Documents/scim2/kesvan_scim2/pr/identity-outbound-provisioning-scim2"/>
    <property name="java.runtime.version" value="1.8.0_73-b02"/>
    <property name="java.awt.graphicsenv" value="sun.awt.X11GraphicsEnvironment"/>
    <property name="java.endorsed.dirs" value="/home/kesavan/Softwares/jdk1.8.0_73/jre/lib/endorsed"/>
    <property name="os.arch" value="amd64"/>
    <property name="java.io.tmpdir" value="/tmp"/>
    <property name="line.separator" value="&#10;"/>
    <property name="java.vm.specification.vendor" value="Oracle Corporation"/>
    <property name="os.name" value="Linux"/>
    <property name="classworlds.conf" value="/home/kesavan/Softwares/apache-maven-3.3.9/bin/m2.conf"/>
    <property name="sun.jnu.encoding" value="UTF-8"/>
    <property name="java.library.path" value="/usr/java/packages/lib/amd64:/usr/lib64:/lib64:/lib:/usr/lib"/>
    <property name="java.specification.name" value="Java Platform API Specification"/>
    <property name="java.class.version" value="52.0"/>
    <property name="sun.management.compiler" value="HotSpot 64-Bit Tiered Compilers"/>
    <property name="os.version" value="4.4.0-116-generic"/>
    <property name="user.home" value="/home/kesavan"/>
    <property name="user.timezone" value="Asia/Colombo"/>
    <property name="java.awt.printerjob" value="sun.print.PSPrinterJob"/>
    <property name="file.encoding" value="UTF-8"/>
    <property name="java.specification.version" value="1.8"/>
    <property name="user.name" value="kesavan"/>
    <property name="java.class.path" value="/home/kesavan/Softwares/apache-maven-3.3.9/boot/plexus-classworlds-2.5.2.jar"/>
    <property name="maven.surefire.debug" value="true"/>
    <property name="java.vm.specification.version" value="1.8"/>
    <property name="sun.arch.data.model" value="64"/>
    <property name="java.home" value="/home/kesavan/Softwares/jdk1.8.0_73/jre"/>
    <property name="sun.java.command" value="org.codehaus.plexus.classworlds.launcher.Launcher clean -Dmaven.surefire.debug test"/>
    <property name="java.specification.vendor" value="Oracle Corporation"/>
    <property name="user.language" value="en"/>
    <property name="awt.toolkit" value="sun.awt.X11.XToolkit"/>
    <property name="java.vm.info" value="mixed mode"/>
    <property name="java.version" value="1.8.0_73"/>
    <property name="java.ext.dirs" value="/home/kesavan/Softwares/jdk1.8.0_73/jre/lib/ext:/usr/java/packages/lib/ext"/>
    <property name="securerandom.source" value="file:/dev/./urandom"/>
    <property name="sun.boot.class.path" value="/home/kesavan/Softwares/jdk1.8.0_73/jre/lib/resources.jar:/home/kesavan/Softwares/jdk1.8.0_73/jre/lib/rt.jar:/home/kesavan/Softwares/jdk1.8.0_73/jre/lib/sunrsasign.jar:/home/kesavan/Softwares/jdk1.8.0_73/jre/lib/jsse.jar:/home/kesavan/Softwares/jdk1.8.0_73/jre/lib/jce.jar:/home/kesavan/Softwares/jdk1.8.0_73/jre/lib/charsets.jar:/home/kesavan/Softwares/jdk1.8.0_73/jre/lib/jfr.jar:/home/kesavan/Softwares/jdk1.8.0_73/jre/classes"/>
    <property name="java.vendor" value="Oracle Corporation"/>
    <property name="maven.home" value="/home/kesavan/Softwares/apache-maven-3.3.9"/>
    <property name="file.separator" value="/"/>
    <property name="java.vendor.url.bug" value="http://bugreport.sun.com/bugreport/"/>
    <property name="sun.cpu.endian" value="little"/>
    <property name="sun.io.unicode.encoding" value="UnicodeLittle"/>
    <property name="sun.desktop" value="gnome"/>
    <property name="sun.cpu.isalist" value=""/>
  </properties>
  <testcase name="testGetConfigurationProperties" classname="org.wso2.carbon.identity.provisioning.connector.scim2.test.SCIM2ProvisioningConnectorFactoryTest" time="0.015"/>
  <testcase name="testGetConnectorType" classname="org.wso2.carbon.identity.provisioning.connector.scim2.test.SCIM2ProvisioningConnectorFactoryTest" time="0.001"/>
  <testcase name="testCreateUser" classname="org.wso2.carbon.identity.provisioning.connector.scim2.test.SCIM2ProvisioningConnectorTest" time="55.016">
    <failure message="Error while creating the user : testUser" type="org.wso2.carbon.identity.provisioning.IdentityProvisioningException">org.wso2.carbon.identity.provisioning.IdentityProvisioningException: Error while creating the user : testUser
	at org.wso2.carbon.identity.provisioning.connector.scim2.SCIM2ProvisioningConnector.setUserPassword(SCIM2ProvisioningConnector.java:363)
	at org.wso2.carbon.identity.provisioning.connector.scim2.SCIM2ProvisioningConnector.createUser(SCIM2ProvisioningConnector.java:166)
	at sun.reflect.NativeMethodAccessorImpl.invoke0(Native Method)
	at sun.reflect.NativeMethodAccessorImpl.invoke(NativeMethodAccessorImpl.java:62)
	at sun.reflect.DelegatingMethodAccessorImpl.invoke(DelegatingMethodAccessorImpl.java:43)
	at java.lang.reflect.Method.invoke(Method.java:497)
	at org.powermock.reflect.internal.WhiteboxImpl.performMethodInvocation(WhiteboxImpl.java:1899)
	at org.powermock.reflect.internal.WhiteboxImpl.doInvokeMethod(WhiteboxImpl.java:801)
	at org.powermock.reflect.internal.WhiteboxImpl.invokeMethod(WhiteboxImpl.java:666)
	at org.powermock.reflect.Whitebox.invokeMethod(Whitebox.java:401)
	at org.wso2.carbon.identity.provisioning.connector.scim2.test.SCIM2ProvisioningConnectorTest.testCreateUser(SCIM2ProvisioningConnectorTest.java:114)
</failure>
    <system-err><![CDATA[log4j:WARN No appenders could be found for logger (org.wso2.carbon.identity.provisioning.connector.scim2.util.SCIMClaimResolver).
log4j:WARN Please initialize the log4j system properly.
log4j:WARN See http://logging.apache.org/log4j/1.2/faq.html#noconfig for more info.
]]></system-err>
  </testcase>
  <testcase name="testGetConnectorType" classname="org.wso2.carbon.identity.provisioning.connector.scim2.test.SCIM2ProvisioningConnectorTest" time="0.001"/>
  <testcase name="testGetResourceSchema" classname="org.wso2.carbon.identity.provisioning.connector.scim2.test.SCIMClaimResolverTest" time="0.03"/>
</testsuite>