<?xml version="1.0" encoding="UTF-8"?>
<!-- Generated by org.testng.reporters.JUnitReportReporter -->
<testsuite hostname="kesavan-ThinkPad-X1-Carbon-4th" name="org.wso2.carbon.identity.provisioning.connector.scim2.test.SCIM2ProvisioningConnectorTest" tests="2" failures="0" timestamp="11 Apr 2018 05:52:51 GMT" time="54.977" errors="1">
  <testcase name="testGetConnectorType" time="0.002" classname="org.wso2.carbon.identity.provisioning.connector.scim2.test.SCIM2ProvisioningConnectorTest"/>
  <testcase name="testCreateUser" time="54.975" classname="org.wso2.carbon.identity.provisioning.connector.scim2.test.SCIM2ProvisioningConnectorTest">
    <error type="org.wso2.carbon.identity.provisioning.IdentityProvisioningException" message="Error while creating the user : testUser">
      <![CDATA[org.wso2.carbon.identity.provisioning.IdentityProvisioningException: Error while creating the user : testUser
	at org.wso2.carbon.identity.provisioning.connector.scim2.SCIM2ProvisioningConnector.createUser(SCIM2ProvisioningConnector.java:171)
	at sun.reflect.NativeMethodAccessorImpl.invoke0(Native Method)
	at sun.reflect.NativeMethodAccessorImpl.invoke(NativeMethodAccessorImpl.java:62)
	at sun.reflect.DelegatingMethodAccessorImpl.invoke(DelegatingMethodAccessorImpl.java:43)
	at java.lang.reflect.Method.invoke(Method.java:497)
	at org.powermock.reflect.internal.WhiteboxImpl.performMethodInvocation(WhiteboxImpl.java:1899)
	at org.powermock.reflect.internal.WhiteboxImpl.doInvokeMethod(WhiteboxImpl.java:801)
	at org.powermock.reflect.internal.WhiteboxImpl.invokeMethod(WhiteboxImpl.java:666)
	at org.powermock.reflect.Whitebox.invokeMethod(Whitebox.java:401)
	at org.wso2.carbon.identity.provisioning.connector.scim2.test.SCIM2ProvisioningConnectorTest.testCreateUser(SCIM2ProvisioningConnectorTest.java:114)
	at sun.reflect.NativeMethodAccessorImpl.invoke0(Native Method)
	at sun.reflect.NativeMethodAccessorImpl.invoke(NativeMethodAccessorImpl.java:62)
	at sun.reflect.DelegatingMethodAccessorImpl.invoke(DelegatingMethodAccessorImpl.java:43)
	at java.lang.reflect.Method.invoke(Method.java:497)
	at org.testng.internal.MethodInvocationHelper.invokeMethod(MethodInvocationHelper.java:86)
	at org.testng.internal.Invoker.invokeMethod(Invoker.java:643)
	at org.testng.internal.Invoker.invokeTestMethod(Invoker.java:820)
	at org.testng.internal.Invoker.invokeTestMethods(Invoker.java:1128)
	at org.testng.internal.TestMethodWorker.invokeTestMethods(TestMethodWorker.java:129)
	at org.testng.internal.TestMethodWorker.run(TestMethodWorker.java:112)
	at org.testng.TestRunner.privateRun(TestRunner.java:782)
	at org.testng.TestRunner.run(TestRunner.java:632)
	at org.testng.SuiteRunner.runTest(SuiteRunner.java:366)
	at org.testng.SuiteRunner.runSequentially(SuiteRunner.java:361)
	at org.testng.SuiteRunner.privateRun(SuiteRunner.java:319)
	at org.testng.SuiteRunner.run(SuiteRunner.java:268)
	at org.testng.SuiteRunnerWorker.runSuite(SuiteRunnerWorker.java:52)
	at org.testng.SuiteRunnerWorker.run(SuiteRunnerWorker.java:86)
	at org.testng.TestNG.runSuitesSequentially(TestNG.java:1244)
	at org.testng.TestNG.runSuitesLocally(TestNG.java:1169)
	at org.testng.TestNG.run(TestNG.java:1064)
	at org.apache.maven.surefire.testng.TestNGExecutor.run(TestNGExecutor.java:295)
	at org.apache.maven.surefire.testng.TestNGXmlTestSuite.execute(TestNGXmlTestSuite.java:84)
	at org.apache.maven.surefire.testng.TestNGProvider.invoke(TestNGProvider.java:90)
	at org.apache.maven.surefire.booter.ForkedBooter.invokeProviderInSameClassLoader(ForkedBooter.java:203)
	at org.apache.maven.surefire.booter.ForkedBooter.runSuitesInProcess(ForkedBooter.java:155)
	at org.apache.maven.surefire.booter.ForkedBooter.main(ForkedBooter.java:103)
Caused by: java.lang.NullPointerException
	at org.wso2.carbon.identity.provisioning.connector.scim2.SCIM2ProvisioningConnector.setUserPassword(SCIM2ProvisioningConnector.java:363)
	at org.wso2.carbon.identity.provisioning.connector.scim2.SCIM2ProvisioningConnector.createUser(SCIM2ProvisioningConnector.java:166)
	... 36 more
]]>
    </error>
  </testcase> <!-- testCreateUser -->
</testsuite> <!-- org.wso2.carbon.identity.provisioning.connector.scim2.test.SCIM2ProvisioningConnectorTest -->
