<?xml version="1.0" encoding="UTF-8"?>
<!-- Generated by org.testng.reporters.JUnitReportReporter -->
<testsuite hostname="kesavan-ThinkPad-X1-Carbon-4th" name="org.wso2.carbon.identity.provisioning.connector.scim2.test.SCIMClaimResolverTest" tests="1" failures="0" timestamp="11 Apr 2018 05:52:51 GMT" time="0.031" errors="0">
  <testcase name="testGetResourceSchema" time="0.031" classname="org.wso2.carbon.identity.provisioning.connector.scim2.test.SCIMClaimResolverTest"/>
</testsuite> <!-- org.wso2.carbon.identity.provisioning.connector.scim2.test.SCIMClaimResolverTest -->
