<?xml version="1.0" encoding="UTF-8"?>
<!-- Generated by org.testng.reporters.JUnitReportReporter -->
<testsuite hostname="kesavan-ThinkPad-X1-Carbon-4th" name="org.wso2.carbon.identity.provisioning.connector.scim2.test.SCIM2ProvisioningConnectorFactoryTest" tests="2" failures="0" timestamp="11 Apr 2018 05:52:51 GMT" time="0.648" errors="0">
  <testcase name="testGetConfigurationProperties" time="0.023" classname="org.wso2.carbon.identity.provisioning.connector.scim2.test.SCIM2ProvisioningConnectorFactoryTest"/>
  <testcase name="testGetConnectorType" time="0.625" classname="org.wso2.carbon.identity.provisioning.connector.scim2.test.SCIM2ProvisioningConnectorFactoryTest"/>
</testsuite> <!-- org.wso2.carbon.identity.provisioning.connector.scim2.test.SCIM2ProvisioningConnectorFactoryTest -->
